This is pdfTeX, Version 3.14159265-2.6-1.40.18 (TeX Live 2017/Debian) (preloaded format=pdflatex 2022.3.1)  2 MAR 2022 11:58
entering extended mode
 restricted \write18 enabled.
 %&-line parsing enabled.
**paper-single.tex
(./paper-single.tex
LaTeX2e <2017-04-15>
Babel <3.18> and hyphenation patterns for 9 language(s) loaded.
(./IEEEtran.cls
Document Class: IEEEtran 2015/08/26 V1.8b by Michael Shell
-- See the "IEEEtran_HOWTO" manual for usage information.
-- http://www.michaelshell.org/tex/ieeetran/
\@IEEEtrantmpdimenA=\dimen102
\@IEEEtrantmpdimenB=\dimen103
\@IEEEtrantmpdimenC=\dimen104
\@IEEEtrantmpcountA=\count79
\@IEEEtrantmpcountB=\count80
\@IEEEtrantmpcountC=\count81
\@IEEEtrantmptoksA=\toks14
LaTeX Font Info:    Try loading font information for OT1+ppl on input line 503.

(/usr/share/texlive/texmf-dist/tex/latex/psnfss/ot1ppl.fd
File: ot1ppl.fd 2001/06/04 font definitions for OT1/ppl.
)
-- Using IEEE Computer Society mode.
-- Using 8.5in x 11in (letter) paper.
-- Using PDF output.
\@IEEEnormalsizeunitybaselineskip=\dimen105
-- This is a 10 point document.
\CLASSINFOnormalsizebaselineskip=\dimen106
\CLASSINFOnormalsizeunitybaselineskip=\dimen107
\IEEEnormaljot=\dimen108
LaTeX Font Info:    Font shape `OT1/ppl/bx/n' in size <5.01874> not available
(Font)              Font shape `OT1/ppl/b/n' tried instead on input line 1090.
LaTeX Font Info:    Font shape `OT1/ppl/bx/it' in size <5.01874> not available
(Font)              Font shape `OT1/ppl/b/it' tried instead on input line 1090.

LaTeX Font Info:    Font shape `OT1/ppl/bx/n' in size <7.02625> not available
(Font)              Font shape `OT1/ppl/b/n' tried instead on input line 1090.
LaTeX Font Info:    Font shape `OT1/ppl/bx/it' in size <7.02625> not available
(Font)              Font shape `OT1/ppl/b/it' tried instead on input line 1090.

LaTeX Font Info:    Font shape `OT1/ppl/bx/n' in size <8.03> not available
(Font)              Font shape `OT1/ppl/b/n' tried instead on input line 1090.
LaTeX Font Info:    Font shape `OT1/ppl/bx/it' in size <8.03> not available
(Font)              Font shape `OT1/ppl/b/it' tried instead on input line 1090.

LaTeX Font Info:    Font shape `OT1/ppl/bx/n' in size <9.03374> not available
(Font)              Font shape `OT1/ppl/b/n' tried instead on input line 1090.
LaTeX Font Info:    Font shape `OT1/ppl/bx/it' in size <9.03374> not available
(Font)              Font shape `OT1/ppl/b/it' tried instead on input line 1090.

LaTeX Font Info:    Font shape `OT1/ppl/bx/n' in size <9.53561> not available
(Font)              Font shape `OT1/ppl/b/n' tried instead on input line 1090.
LaTeX Font Info:    Font shape `OT1/ppl/bx/it' in size <9.53561> not available
(Font)              Font shape `OT1/ppl/b/it' tried instead on input line 1090.

LaTeX Font Info:    Font shape `OT1/ppl/bx/n' in size <11.04124> not available
(Font)              Font shape `OT1/ppl/b/n' tried instead on input line 1090.
LaTeX Font Info:    Font shape `OT1/ppl/bx/it' in size <11.04124> not available

(Font)              Font shape `OT1/ppl/b/it' tried instead on input line 1090.

LaTeX Font Info:    Font shape `OT1/ppl/bx/n' in size <12.045> not available
(Font)              Font shape `OT1/ppl/b/n' tried instead on input line 1090.
LaTeX Font Info:    Font shape `OT1/ppl/bx/it' in size <12.045> not available
(Font)              Font shape `OT1/ppl/b/it' tried instead on input line 1090.

LaTeX Font Info:    Font shape `OT1/ppl/bx/n' in size <17.06374> not available
(Font)              Font shape `OT1/ppl/b/n' tried instead on input line 1090.
LaTeX Font Info:    Font shape `OT1/ppl/bx/it' in size <17.06374> not available

(Font)              Font shape `OT1/ppl/b/it' tried instead on input line 1090.

LaTeX Font Info:    Font shape `OT1/ppl/bx/n' in size <20.075> not available
(Font)              Font shape `OT1/ppl/b/n' tried instead on input line 1090.
LaTeX Font Info:    Font shape `OT1/ppl/bx/it' in size <20.075> not available
(Font)              Font shape `OT1/ppl/b/it' tried instead on input line 1090.

LaTeX Font Info:    Font shape `OT1/ppl/bx/n' in size <24.09> not available
(Font)              Font shape `OT1/ppl/b/n' tried instead on input line 1090.
LaTeX Font Info:    Font shape `OT1/ppl/bx/it' in size <24.09> not available
(Font)              Font shape `OT1/ppl/b/it' tried instead on input line 1090.

\IEEEquantizedlength=\dimen109
\IEEEquantizedlengthdiff=\dimen110
\IEEEquantizedtextheightdiff=\dimen111
\IEEEilabelindentA=\dimen112
\IEEEilabelindentB=\dimen113
\IEEEilabelindent=\dimen114
\IEEEelabelindent=\dimen115
\IEEEdlabelindent=\dimen116
\IEEElabelindent=\dimen117
\IEEEiednormlabelsep=\dimen118
\IEEEiedmathlabelsep=\dimen119
\IEEEiedtopsep=\skip41
\c@section=\count82
\c@subsection=\count83
\c@subsubsection=\count84
\c@paragraph=\count85
\c@IEEEsubequation=\count86
\abovecaptionskip=\skip42
\belowcaptionskip=\skip43
\c@figure=\count87
\c@table=\count88
\@IEEEeqnnumcols=\count89
\@IEEEeqncolcnt=\count90
\@IEEEsubeqnnumrollback=\count91
\@IEEEquantizeheightA=\dimen120
\@IEEEquantizeheightB=\dimen121
\@IEEEquantizeheightC=\dimen122
\@IEEEquantizeprevdepth=\dimen123
\@IEEEquantizemultiple=\count92
\@IEEEquantizeboxA=\box26
\@IEEEtmpitemindent=\dimen124
\IEEEPARstartletwidth=\dimen125
\c@IEEEbiography=\count93
\@IEEEtranrubishbin=\box27
)
** ATTENTION: Overriding command lockouts (line 2).
(/usr/share/texlive/texmf-dist/tex/latex/amsmath/amsmath.sty
Package: amsmath 2017/09/02 v2.17a AMS math features
\@mathmargin=\skip44

For additional information on amsmath, use the `?' option.
(/usr/share/texlive/texmf-dist/tex/latex/amsmath/amstext.sty
Package: amstext 2000/06/29 v2.01 AMS text

(/usr/share/texlive/texmf-dist/tex/latex/amsmath/amsgen.sty
File: amsgen.sty 1999/11/30 v2.0 generic functions
\@emptytoks=\toks15
\ex@=\dimen126
))
(/usr/share/texlive/texmf-dist/tex/latex/amsmath/amsbsy.sty
Package: amsbsy 1999/11/29 v1.2d Bold Symbols
\pmbraise@=\dimen127
)
(/usr/share/texlive/texmf-dist/tex/latex/amsmath/amsopn.sty
Package: amsopn 2016/03/08 v2.02 operator names
)
\inf@bad=\count94
LaTeX Info: Redefining \frac on input line 213.
\uproot@=\count95
\leftroot@=\count96
LaTeX Info: Redefining \overline on input line 375.
\classnum@=\count97
\DOTSCASE@=\count98
LaTeX Info: Redefining \ldots on input line 472.
LaTeX Info: Redefining \dots on input line 475.
LaTeX Info: Redefining \cdots on input line 596.
\Mathstrutbox@=\box28
\strutbox@=\box29
\big@size=\dimen128
LaTeX Font Info:    Redeclaring font encoding OML on input line 712.
LaTeX Font Info:    Redeclaring font encoding OMS on input line 713.
\macc@depth=\count99
\c@MaxMatrixCols=\count100
\dotsspace@=\muskip10
\c@parentequation=\count101
\dspbrk@lvl=\count102
\tag@help=\toks16
\row@=\count103
\column@=\count104
\maxfields@=\count105
\andhelp@=\toks17
\eqnshift@=\dimen129
\alignsep@=\dimen130
\tagshift@=\dimen131
\tagwidth@=\dimen132
\totwidth@=\dimen133
\lineht@=\dimen134
\@envbody=\toks18
\multlinegap=\skip45
\multlinetaggap=\skip46
\mathdisplay@stack=\toks19
LaTeX Info: Redefining \[ on input line 2817.
LaTeX Info: Redefining \] on input line 2818.
)
(/usr/share/texlive/texmf-dist/tex/latex/amsfonts/amssymb.sty
Package: amssymb 2013/01/14 v3.01 AMS font symbols

(/usr/share/texlive/texmf-dist/tex/latex/amsfonts/amsfonts.sty
Package: amsfonts 2013/01/14 v3.01 Basic AMSFonts support
\symAMSa=\mathgroup4
\symAMSb=\mathgroup5
LaTeX Font Info:    Overwriting math alphabet `\mathfrak' in version `bold'
(Font)                  U/euf/m/n --> U/euf/b/n on input line 106.
))
(/usr/share/texlive/texmf-dist/tex/latex/jknapltx/mathrsfs.sty
Package: mathrsfs 1996/01/01 Math RSFS package v1.0 (jk)
\symrsfs=\mathgroup6
)
(/usr/share/texlive/texmf-dist/tex/latex/preprint/balance.sty
Package: balance 1999/02/23 4.3 (PWD)
\oldvsize=\dimen135
)
(/usr/share/texlive/texmf-dist/tex/latex/leading/leading.sty
Package: leading 2008/12/11 v0.3 Define leading length

(/usr/share/texlive/texmf-dist/tex/latex/tools/calc.sty
Package: calc 2014/10/28 v4.3 Infix arithmetic (KKT,FJ)
\calc@Acount=\count106
\calc@Bcount=\count107
\calc@Adimen=\dimen136
\calc@Bdimen=\dimen137
\calc@Askip=\skip47
\calc@Bskip=\skip48
LaTeX Info: Redefining \setlength on input line 80.
LaTeX Info: Redefining \addtolength on input line 81.
\calc@Ccount=\count108
\calc@Cskip=\skip49
))
(/usr/share/texlive/texmf-dist/tex/latex/graphics/graphicx.sty
Package: graphicx 2017/06/01 v1.1a Enhanced LaTeX Graphics (DPC,SPQR)

(/usr/share/texlive/texmf-dist/tex/latex/graphics/keyval.sty
Package: keyval 2014/10/28 v1.15 key=value parser (DPC)
\KV@toks@=\toks20
)
(/usr/share/texlive/texmf-dist/tex/latex/graphics/graphics.sty
Package: graphics 2017/06/25 v1.2c Standard LaTeX Graphics (DPC,SPQR)

(/usr/share/texlive/texmf-dist/tex/latex/graphics/trig.sty
Package: trig 2016/01/03 v1.10 sin cos tan (DPC)
)
(/usr/share/texlive/texmf-dist/tex/latex/graphics-cfg/graphics.cfg
File: graphics.cfg 2016/06/04 v1.11 sample graphics configuration
)
Package graphics Info: Driver file: pdftex.def on input line 99.

(/usr/share/texlive/texmf-dist/tex/latex/graphics-def/pdftex.def
File: pdftex.def 2018/01/08 v1.0l Graphics/color driver for pdftex
))
\Gin@req@height=\dimen138
\Gin@req@width=\dimen139
)
(/usr/share/texlive/texmf-dist/tex/latex/subfig/subfig.sty
Package: subfig 2005/06/28 ver: 1.3 subfig package

(/usr/share/texlive/texmf-dist/tex/latex/caption/caption.sty
Package: caption 2016/02/21 v3.3-144 Customizing captions (AR)

(/usr/share/texlive/texmf-dist/tex/latex/caption/caption3.sty
Package: caption3 2016/05/22 v1.7-166 caption3 kernel (AR)
Package caption3 Info: TeX engine: e-TeX on input line 67.
\captionmargin=\dimen140
\captionmargin@=\dimen141
\captionwidth=\dimen142
\caption@tempdima=\dimen143
\caption@indent=\dimen144
\caption@parindent=\dimen145
\caption@hangindent=\dimen146
Package caption Info: Unknown document class (or package),
(caption)             standard defaults will be used.
)

Package caption Warning: Unsupported document class (or package) detected,
(caption)                usage of the caption package is not recommended.
See the caption package documentation for explanation.

Package caption Info: \@makecaption = \long macro:#1#2->\ifx \@captype \@IEEEta
blestring \footnotesize \bgroup \par \centering \@IEEEtabletopskipstrut {\norma
lfont \sffamily \footnotesize #1}\\{\normalfont \sffamily \footnotesize #2}\par
 \addvspace {0.5\baselineskip }\egroup \@IEEEtablecaptionsepspace \else \@IEEEf
igurecaptionsepspace \setbox \@tempboxa \hbox {\normalfont \sffamily \footnotes
ize {#1.}\nobreakspace #2}\ifdim \wd \@tempboxa >\hsize \setbox \@tempboxa \hbo
x {\normalfont \sffamily \footnotesize {#1.}\nobreakspace }\parbox [t]{\hsize }
{\normalfont \sffamily \footnotesize \noindent \unhbox \@tempboxa #2}\else \hbo
x to\hsize {\normalfont \sffamily \footnotesize \box \@tempboxa \hfil }\fi \fi 
.
\c@ContinuedFloat=\count109
)
\c@KVtest=\count110
\sf@farskip=\skip50
\sf@captopadj=\dimen147
\sf@capskip=\skip51
\sf@nearskip=\skip52
\c@subfigure=\count111
\c@subfigure@save=\count112
\c@lofdepth=\count113
\c@subtable=\count114
\c@subtable@save=\count115
\c@lotdepth=\count116
\sf@top=\skip53
\sf@bottom=\skip54
) (/usr/share/texlive/texmf-dist/tex/latex/base/textcomp.sty
Package: textcomp 2017/04/05 v2.0i Standard LaTeX package
Package textcomp Info: Sub-encoding information:
(textcomp)               5 = only ISO-Adobe without \textcurrency
(textcomp)               4 = 5 + \texteuro
(textcomp)               3 = 4 + \textohm
(textcomp)               2 = 3 + \textestimated + \textcurrency
(textcomp)               1 = TS1 - \textcircled - \t
(textcomp)               0 = TS1 (full)
(textcomp)             Font families with sub-encoding setting implement
(textcomp)             only a restricted character set as indicated.
(textcomp)             Family '?' is the default used for unknown fonts.
(textcomp)             See the documentation for details.
Package textcomp Info: Setting ? sub-encoding to TS1/1 on input line 79.

(/usr/share/texlive/texmf-dist/tex/latex/base/ts1enc.def
File: ts1enc.def 2001/06/05 v3.0e (jk/car/fm) Standard LaTeX file
)
LaTeX Info: Redefining \oldstylenums on input line 334.
Package textcomp Info: Setting cmr sub-encoding to TS1/0 on input line 349.
Package textcomp Info: Setting cmss sub-encoding to TS1/0 on input line 350.
Package textcomp Info: Setting cmtt sub-encoding to TS1/0 on input line 351.
Package textcomp Info: Setting cmvtt sub-encoding to TS1/0 on input line 352.
Package textcomp Info: Setting cmbr sub-encoding to TS1/0 on input line 353.
Package textcomp Info: Setting cmtl sub-encoding to TS1/0 on input line 354.
Package textcomp Info: Setting ccr sub-encoding to TS1/0 on input line 355.
Package textcomp Info: Setting ptm sub-encoding to TS1/4 on input line 356.
Package textcomp Info: Setting pcr sub-encoding to TS1/4 on input line 357.
Package textcomp Info: Setting phv sub-encoding to TS1/4 on input line 358.
Package textcomp Info: Setting ppl sub-encoding to TS1/3 on input line 359.
Package textcomp Info: Setting pag sub-encoding to TS1/4 on input line 360.
Package textcomp Info: Setting pbk sub-encoding to TS1/4 on input line 361.
Package textcomp Info: Setting pnc sub-encoding to TS1/4 on input line 362.
Package textcomp Info: Setting pzc sub-encoding to TS1/4 on input line 363.
Package textcomp Info: Setting bch sub-encoding to TS1/4 on input line 364.
Package textcomp Info: Setting put sub-encoding to TS1/5 on input line 365.
Package textcomp Info: Setting uag sub-encoding to TS1/5 on input line 366.
Package textcomp Info: Setting ugq sub-encoding to TS1/5 on input line 367.
Package textcomp Info: Setting ul8 sub-encoding to TS1/4 on input line 368.
Package textcomp Info: Setting ul9 sub-encoding to TS1/4 on input line 369.
Package textcomp Info: Setting augie sub-encoding to TS1/5 on input line 370.
Package textcomp Info: Setting dayrom sub-encoding to TS1/3 on input line 371.
Package textcomp Info: Setting dayroms sub-encoding to TS1/3 on input line 372.

Package textcomp Info: Setting pxr sub-encoding to TS1/0 on input line 373.
Package textcomp Info: Setting pxss sub-encoding to TS1/0 on input line 374.
Package textcomp Info: Setting pxtt sub-encoding to TS1/0 on input line 375.
Package textcomp Info: Setting txr sub-encoding to TS1/0 on input line 376.
Package textcomp Info: Setting txss sub-encoding to TS1/0 on input line 377.
Package textcomp Info: Setting txtt sub-encoding to TS1/0 on input line 378.
Package textcomp Info: Setting lmr sub-encoding to TS1/0 on input line 379.
Package textcomp Info: Setting lmdh sub-encoding to TS1/0 on input line 380.
Package textcomp Info: Setting lmss sub-encoding to TS1/0 on input line 381.
Package textcomp Info: Setting lmssq sub-encoding to TS1/0 on input line 382.
Package textcomp Info: Setting lmvtt sub-encoding to TS1/0 on input line 383.
Package textcomp Info: Setting lmtt sub-encoding to TS1/0 on input line 384.
Package textcomp Info: Setting qhv sub-encoding to TS1/0 on input line 385.
Package textcomp Info: Setting qag sub-encoding to TS1/0 on input line 386.
Package textcomp Info: Setting qbk sub-encoding to TS1/0 on input line 387.
Package textcomp Info: Setting qcr sub-encoding to TS1/0 on input line 388.
Package textcomp Info: Setting qcs sub-encoding to TS1/0 on input line 389.
Package textcomp Info: Setting qpl sub-encoding to TS1/0 on input line 390.
Package textcomp Info: Setting qtm sub-encoding to TS1/0 on input line 391.
Package textcomp Info: Setting qzc sub-encoding to TS1/0 on input line 392.
Package textcomp Info: Setting qhvc sub-encoding to TS1/0 on input line 393.
Package textcomp Info: Setting futs sub-encoding to TS1/4 on input line 394.
Package textcomp Info: Setting futx sub-encoding to TS1/4 on input line 395.
Package textcomp Info: Setting futj sub-encoding to TS1/4 on input line 396.
Package textcomp Info: Setting hlh sub-encoding to TS1/3 on input line 397.
Package textcomp Info: Setting hls sub-encoding to TS1/3 on input line 398.
Package textcomp Info: Setting hlst sub-encoding to TS1/3 on input line 399.
Package textcomp Info: Setting hlct sub-encoding to TS1/5 on input line 400.
Package textcomp Info: Setting hlx sub-encoding to TS1/5 on input line 401.
Package textcomp Info: Setting hlce sub-encoding to TS1/5 on input line 402.
Package textcomp Info: Setting hlcn sub-encoding to TS1/5 on input line 403.
Package textcomp Info: Setting hlcw sub-encoding to TS1/5 on input line 404.
Package textcomp Info: Setting hlcf sub-encoding to TS1/5 on input line 405.
Package textcomp Info: Setting pplx sub-encoding to TS1/3 on input line 406.
Package textcomp Info: Setting pplj sub-encoding to TS1/3 on input line 407.
Package textcomp Info: Setting ptmx sub-encoding to TS1/4 on input line 408.
Package textcomp Info: Setting ptmj sub-encoding to TS1/4 on input line 409.
)
(/usr/share/texlive/texmf-dist/tex/latex/comment/comment.sty
\CommentStream=\write3

Excluding comment 'comment')
(/usr/share/texlive/texmf-dist/tex/latex/multirow/multirow.sty
Package: multirow 2016/11/25 v2.2 Span multiple rows of a table
\multirow@colwidth=\skip55
\multirow@cntb=\count117
\multirow@dima=\skip56
\bigstrutjot=\dimen148
)
(/usr/share/texlive/texmf-dist/tex/latex/framed/framed.sty
Package: framed 2011/10/22 v 0.96: framed or shaded text with page breaks
\OuterFrameSep=\skip57
\fb@frw=\dimen149
\fb@frh=\dimen150
\FrameRule=\dimen151
\FrameSep=\dimen152
)
(/usr/share/texlive/texmf-dist/tex/latex/amscls/amsthm.sty
Package: amsthm 2017/10/31 v2.20.4
\thm@style=\toks21
\thm@bodyfont=\toks22
\thm@headfont=\toks23
\thm@notefont=\toks24
\thm@headpunct=\toks25
\thm@preskip=\skip58
\thm@postskip=\skip59
\thm@headsep=\skip60
\dth@everypar=\toks26
)
(/usr/share/texlive/texmf-dist/tex/latex/listings/listings.sty
\lst@mode=\count118
\lst@gtempboxa=\box30
\lst@token=\toks27
\lst@length=\count119
\lst@currlwidth=\dimen153
\lst@column=\count120
\lst@pos=\count121
\lst@lostspace=\dimen154
\lst@width=\dimen155
\lst@newlines=\count122
\lst@lineno=\count123
\lst@maxwidth=\dimen156

(/usr/share/texlive/texmf-dist/tex/latex/listings/lstmisc.sty
File: lstmisc.sty 2015/06/04 1.6 (Carsten Heinz)
\c@lstnumber=\count124
\lst@skipnumbers=\count125
\lst@framebox=\box31
)
(/usr/share/texlive/texmf-dist/tex/latex/listings/listings.cfg
File: listings.cfg 2015/06/04 1.6 listings configuration
))
Package: listings 2015/06/04 1.6 (Carsten Heinz)

(/usr/share/texlive/texmf-dist/tex/latex/tools/xspace.sty
Package: xspace 2014/10/28 v1.13 Space after command names (DPC,MH)
)
(/usr/share/texlive/texmf-dist/tex/latex/enumitem/enumitem.sty
Package: enumitem 2011/09/28 v3.5.2 Customized lists
\labelindent=\skip61
\enit@outerparindent=\dimen157
\enit@toks=\toks28
\enit@inbox=\box32
\enitdp@description=\count126
)
(/usr/share/texlive/texmf-dist/tex/latex/microtype/microtype.sty
Package: microtype 2018/01/14 v2.7a Micro-typographical refinements (RS)
\MT@toks=\toks29
\MT@count=\count127
LaTeX Info: Redefining \textls on input line 793.
\MT@outer@kern=\dimen158
LaTeX Info: Redefining \textmicrotypecontext on input line 1339.
\MT@listname@count=\count128

(/usr/share/texlive/texmf-dist/tex/latex/microtype/microtype-pdftex.def
File: microtype-pdftex.def 2018/01/14 v2.7a Definitions specific to pdftex (RS)

LaTeX Info: Redefining \lsstyle on input line 913.
LaTeX Info: Redefining \lslig on input line 913.
\MT@outer@space=\skip62
)
Package microtype Info: Loading configuration file microtype.cfg.

(/usr/share/texlive/texmf-dist/tex/latex/microtype/microtype.cfg
File: microtype.cfg 2018/01/14 v2.7a microtype main configuration file (RS)
))
(/usr/share/texlive/texmf-dist/tex/latex/cleveref/cleveref.sty
Package: cleveref 2018/02/08 v0.21.1 Intelligent cross-referencing
Package cleveref Info: `amsthm' support loaded on input line 2957.
Package cleveref Info: `listings' support loaded on input line 3062.
Package cleveref Info: `subfig' support loaded on input line 3095.
)
(/usr/share/texlive/texmf-dist/tex/generic/ulem/ulem.sty
\UL@box=\box33
\UL@hyphenbox=\box34
\UL@skip=\skip63
\UL@hook=\toks30
\UL@height=\dimen159
\UL@pe=\count129
\UL@pixel=\dimen160
\ULC@box=\box35
Package: ulem 2012/05/18
\ULdepth=\dimen161
)
(/usr/share/texlive/texmf-dist/tex/latex/graphics/color.sty
Package: color 2016/07/10 v1.1e Standard LaTeX Color (DPC)

(/usr/share/texlive/texmf-dist/tex/latex/graphics-cfg/color.cfg
File: color.cfg 2016/01/02 v1.6 sample color configuration
)
Package color Info: Driver file: pdftex.def on input line 147.
)
\c@lemma=\count130

(./paper-single.aux)
\openout1 = `paper-single.aux'.

LaTeX Font Info:    Checking defaults for OML/cmm/m/it on input line 107.
LaTeX Font Info:    ... okay on input line 107.
LaTeX Font Info:    Checking defaults for T1/cmr/m/n on input line 107.
LaTeX Font Info:    ... okay on input line 107.
LaTeX Font Info:    Checking defaults for OT1/cmr/m/n on input line 107.
LaTeX Font Info:    ... okay on input line 107.
LaTeX Font Info:    Checking defaults for OMS/cmsy/m/n on input line 107.
LaTeX Font Info:    ... okay on input line 107.
LaTeX Font Info:    Checking defaults for OMX/cmex/m/n on input line 107.
LaTeX Font Info:    ... okay on input line 107.
LaTeX Font Info:    Checking defaults for U/cmr/m/n on input line 107.
LaTeX Font Info:    ... okay on input line 107.
LaTeX Font Info:    Checking defaults for TS1/cmr/m/n on input line 107.
LaTeX Font Info:    Try loading font information for TS1+cmr on input line 107.

 (/usr/share/texlive/texmf-dist/tex/latex/base/ts1cmr.fd
File: ts1cmr.fd 2014/09/29 v2.5h Standard LaTeX font definitions
)
LaTeX Font Info:    ... okay on input line 107.

-- Lines per column: 61 (exact).
(/usr/share/texlive/texmf-dist/tex/context/base/mkii/supp-pdf.mkii
[Loading MPS to PDF converter (version 2006.09.02).]
\scratchcounter=\count131
\scratchdimen=\dimen162
\scratchbox=\box36
\nofMPsegments=\count132
\nofMParguments=\count133
\everyMPshowfont=\toks31
\MPscratchCnt=\count134
\MPscratchDim=\dimen163
\MPnumerator=\count135
\makeMPintoPDFobject=\count136
\everyMPtoPDFconversion=\toks32
) (/usr/share/texlive/texmf-dist/tex/latex/oberdiek/epstopdf-base.sty
Package: epstopdf-base 2016/05/15 v2.6 Base part for package epstopdf

(/usr/share/texlive/texmf-dist/tex/generic/oberdiek/infwarerr.sty
Package: infwarerr 2016/05/16 v1.4 Providing info/warning/error messages (HO)
)
(/usr/share/texlive/texmf-dist/tex/latex/oberdiek/grfext.sty
Package: grfext 2016/05/16 v1.2 Manage graphics extensions (HO)

(/usr/share/texlive/texmf-dist/tex/generic/oberdiek/kvdefinekeys.sty
Package: kvdefinekeys 2016/05/16 v1.4 Define keys (HO)

(/usr/share/texlive/texmf-dist/tex/generic/oberdiek/ltxcmds.sty
Package: ltxcmds 2016/05/16 v1.23 LaTeX kernel commands for general use (HO)
)))
(/usr/share/texlive/texmf-dist/tex/latex/oberdiek/kvoptions.sty
Package: kvoptions 2016/05/16 v3.12 Key value format for package options (HO)

(/usr/share/texlive/texmf-dist/tex/generic/oberdiek/kvsetkeys.sty
Package: kvsetkeys 2016/05/16 v1.17 Key value parser (HO)

(/usr/share/texlive/texmf-dist/tex/generic/oberdiek/etexcmds.sty
Package: etexcmds 2016/05/16 v1.6 Avoid name clashes with e-TeX commands (HO)

(/usr/share/texlive/texmf-dist/tex/generic/oberdiek/ifluatex.sty
Package: ifluatex 2016/05/16 v1.4 Provides the ifluatex switch (HO)
Package ifluatex Info: LuaTeX not detected.
)
Package etexcmds Info: Could not find \expanded.
(etexcmds)             That can mean that you are not using pdfTeX 1.50 or
(etexcmds)             that some package has redefined \expanded.
(etexcmds)             In the latter case, load this package earlier.
)))
(/usr/share/texlive/texmf-dist/tex/generic/oberdiek/pdftexcmds.sty
Package: pdftexcmds 2018/01/21 v0.26 Utility functions of pdfTeX for LuaTeX (HO
)

(/usr/share/texlive/texmf-dist/tex/generic/oberdiek/ifpdf.sty
Package: ifpdf 2017/03/15 v3.2 Provides the ifpdf switch
)
Package pdftexcmds Info: LuaTeX not detected.
Package pdftexcmds Info: \pdf@primitive is available.
Package pdftexcmds Info: \pdf@ifprimitive is available.
Package pdftexcmds Info: \pdfdraftmode found.
)
Package epstopdf-base Info: Redefining graphics rule for `.eps' on input line 4
38.
Package grfext Info: Graphics extension search list:
(grfext)             [.pdf,.png,.jpg,.mps,.jpeg,.jbig2,.jb2,.PDF,.PNG,.JPG,.JPE
G,.JBIG2,.JB2,.eps]
(grfext)             \AppendGraphicsExtensions on input line 456.

(/usr/share/texlive/texmf-dist/tex/latex/latexconfig/epstopdf-sys.cfg
File: epstopdf-sys.cfg 2010/07/13 v1.3 Configuration of (r)epstopdf for TeX Liv
e
))
Package caption Info: Begin \AtBeginDocument code.
Package caption Info: subfig package v1.3 is loaded.
Package caption Info: listings package is loaded.
Package caption Info: End \AtBeginDocument code.
\c@lstlisting=\count137
LaTeX Info: Redefining \microtypecontext on input line 107.
Package microtype Info: Generating PDF output.
Package microtype Info: Character protrusion enabled (level 2).
Package microtype Info: Using default protrusion set `alltext'.
Package microtype Info: Automatic font expansion enabled (level 2),
(microtype)             stretch: 20, shrink: 20, step: 1, non-selected.
Package microtype Info: Using default expansion set `basictext'.
Package microtype Info: No adjustment of tracking.
Package microtype Info: No adjustment of interword spacing.
Package microtype Info: No adjustment of character kerning.

(/usr/share/texlive/texmf-dist/tex/latex/microtype/mt-ppl.cfg
File: mt-ppl.cfg 2005/11/16 v1.6 microtype config. file: Palatino (RS)
)
LaTeX Font Info:    Try loading font information for OT1+phv on input line 122.


(/usr/share/texlive/texmf-dist/tex/latex/psnfss/ot1phv.fd
File: ot1phv.fd 2001/06/04 scalable font definitions for OT1/phv.
)
Package microtype Info: Loading generic protrusion settings for font family
(microtype)             `phv' (encoding: OT1).
(microtype)             For optimal results, create family-specific settings.
(microtype)             See the microtype manual for details.
LaTeX Font Info:    Calculating math sizes for size <11.04124> on input line 12
2.

(/usr/share/texlive/texmf-dist/tex/latex/microtype/mt-cmr.cfg
File: mt-cmr.cfg 2013/05/19 v2.2 microtype config. file: Computer Modern Roman 
(RS)
)
LaTeX Font Info:    Try loading font information for U+msa on input line 122.

(/usr/share/texlive/texmf-dist/tex/latex/amsfonts/umsa.fd
File: umsa.fd 2013/01/14 v3.01 AMS symbols A
)
(/usr/share/texlive/texmf-dist/tex/latex/microtype/mt-msa.cfg
File: mt-msa.cfg 2006/02/04 v1.1 microtype config. file: AMS symbols (a) (RS)
)
LaTeX Font Info:    Try loading font information for U+msb on input line 122.

(/usr/share/texlive/texmf-dist/tex/latex/amsfonts/umsb.fd
File: umsb.fd 2013/01/14 v3.01 AMS symbols B
)
(/usr/share/texlive/texmf-dist/tex/latex/microtype/mt-msb.cfg
File: mt-msb.cfg 2005/06/01 v1.0 microtype config. file: AMS symbols (b) (RS)
)
LaTeX Font Info:    Try loading font information for U+rsfs on input line 122.

(/usr/share/texlive/texmf-dist/tex/latex/jknapltx/ursfs.fd
File: ursfs.fd 1998/03/24 rsfs font definition file (jk)
)
LaTeX Font Info:    Calculating math sizes for size <8.03> on input line 122.
LaTeX Font Info:    Try loading font information for U+pzd on input line 122.

(/usr/share/texlive/texmf-dist/tex/latex/psnfss/upzd.fd
File: upzd.fd 2001/06/04 font definitions for U/pzd.
)
LaTeX Font Info:    Font shape `OT1/phv/bx/n' in size <8.03> not available
(Font)              Font shape `OT1/phv/b/n' tried instead on input line 125.
LaTeX Font Info:    Font shape `OT1/phv/bx/n' in size <11.04124> not available
(Font)              Font shape `OT1/phv/b/n' tried instead on input line 165.
LaTeX Font Info:    Font shape `OT1/phv/bx/sc' in size <11.04124> not available

(Font)              Font shape `OT1/phv/b/sc' tried instead on input line 165.
LaTeX Font Info:    Calculating math sizes for size <9.53561> on input line 180
.
 [1{/var/lib/texmf/fonts/map/pdftex/updmap/pdftex.map}


]
LaTeX Font Info:    Font shape `OT1/phv/bx/n' in size <9.53561> not available
(Font)              Font shape `OT1/phv/b/n' tried instead on input line 265.
 [2]
Underfull \hbox (badness 2150) in paragraph at lines 326--326
 \OT1/phv/b/sc/11.04124 3 Pre-emp-tion Anal-y-sis and Mod-el-ing of
 []



pdfTeX warning: pdflatex (file ./figs/sigmetrics-fig-cdf-prob-inset-time.pdf): 
PDF inclusion: found PDF version <1.7>, but at most version <1.5> allowed
<figs/sigmetrics-fig-cdf-prob-inset-time.pdf, id=20, 361.35pt x 252.945pt>
File: figs/sigmetrics-fig-cdf-prob-inset-time.pdf Graphic file (type pdf)
<use figs/sigmetrics-fig-cdf-prob-inset-time.pdf>
Package pdftex.def Info: figs/sigmetrics-fig-cdf-prob-inset-time.pdf  used on i
nput line 345.
(pdftex.def)             Requested size: 227.89265pt x 159.52602pt.
LaTeX Font Info:    Try loading font information for TS1+ppl on input line 358.

(/usr/share/texlive/texmf-dist/tex/latex/psnfss/ts1ppl.fd
File: ts1ppl.fd 2001/06/04 font definitions for TS1/ppl.
) [3 <./figs/sigmetrics-fig-cdf-prob-inset-time.pdf>]
LaTeX Font Info:    Try loading font information for OT1+pcr on input line 361.


(/usr/share/texlive/texmf-dist/tex/latex/psnfss/ot1pcr.fd
File: ot1pcr.fd 2001/06/04 font definitions for OT1/pcr.
)
Package microtype Info: Loading generic protrusion settings for font family
(microtype)             `pcr' (encoding: OT1).
(microtype)             For optimal results, create family-specific settings.
(microtype)             See the microtype manual for details.


pdfTeX warning: pdflatex (file ./figs/sigmetrics-fig-vm-types.pdf): PDF inclusi
on: found PDF version <1.7>, but at most version <1.5> allowed
<figs/sigmetrics-fig-vm-types.pdf, id=29, 361.35pt x 252.945pt>
File: figs/sigmetrics-fig-vm-types.pdf Graphic file (type pdf)
<use figs/sigmetrics-fig-vm-types.pdf>
Package pdftex.def Info: figs/sigmetrics-fig-vm-types.pdf  used on input line 3
69.
(pdftex.def)             Requested size: 155.38206pt x 108.76808pt.


pdfTeX warning: pdflatex (file ./figs/sigmetrics-time-breakdown.pdf): PDF inclu
sion: found PDF version <1.7>, but at most version <1.5> allowed
<figs/sigmetrics-time-breakdown.pdf, id=30, 361.35pt x 252.945pt>
File: figs/sigmetrics-time-breakdown.pdf Graphic file (type pdf)
<use figs/sigmetrics-time-breakdown.pdf>
Package pdftex.def Info: figs/sigmetrics-time-breakdown.pdf  used on input line
 372.
(pdftex.def)             Requested size: 155.38206pt x 108.76808pt.


pdfTeX warning: pdflatex (file ./figs/sigmetrics-region-breakdown.pdf): PDF inc
lusion: found PDF version <1.7>, but at most version <1.5> allowed
<figs/sigmetrics-region-breakdown.pdf, id=31, 361.35pt x 252.945pt>
File: figs/sigmetrics-region-breakdown.pdf Graphic file (type pdf)
<use figs/sigmetrics-region-breakdown.pdf>
Package pdftex.def Info: figs/sigmetrics-region-breakdown.pdf  used on input li
ne 375.
(pdftex.def)             Requested size: 155.38206pt x 108.76808pt.
<figs/weekdays-vs-weekends.pdf, id=32, 578.16pt x 433.62pt>
File: figs/weekdays-vs-weekends.pdf Graphic file (type pdf)
<use figs/weekdays-vs-weekends.pdf>
Package pdftex.def Info: figs/weekdays-vs-weekends.pdf  used on input line 385.

(pdftex.def)             Requested size: 176.096pt x 132.07195pt.
<figs/different-numbers-of-parallel-VM-launches.pdf, id=33, 578.16pt x 433.62pt
>
File: figs/different-numbers-of-parallel-VM-launches.pdf Graphic file (type pdf
)
<use figs/different-numbers-of-parallel-VM-launches.pdf>
Package pdftex.def Info: figs/different-numbers-of-parallel-VM-launches.pdf  us
ed on input line 389.
(pdftex.def)             Requested size: 176.096pt x 132.07195pt.
LaTeX Font Info:    Try loading font information for OMS+pcr on input line 421.

(/usr/share/texlive/texmf-dist/tex/latex/psnfss/omspcr.fd
File: omspcr.fd 
)
LaTeX Font Info:    Font shape `OMS/pcr/m/n' in size <9.53561> not available
(Font)              Font shape `OMS/cmsy/m/n' tried instead on input line 421.

Underfull \hbox (badness 10000) in paragraph at lines 421--427
[]\OT1/ppl/m/n/9.53561 (+20) Figure 2a[] shows the pre-emp-tion data from
 []


Underfull \hbox (badness 3354) in paragraph at lines 421--427
\OT1/ppl/m/n/9.53561 (+20) five dif-fer-ent types of VMs in the Google Cloud
 []


Underfull \hbox (badness 10000) in paragraph at lines 421--427
\OT1/pcr/m/n/9.53561 n1-highcpu-\OMS/cmsy/m/n/10 f\OT1/pcr/m/n/9.53561 2,4,8,16
,32\OMS/cmsy/m/n/10 g\OT1/ppl/m/n/9.53561 (+20) , where the num-ber
 []

LaTeX Font Info:    Font shape `OT1/phv/m/it' in size <9.53561> not available
(Font)              Font shape `OT1/phv/m/sl' tried instead on input line 469.
[4] [5 <./figs/sigmetrics-fig-vm-types.pdf> <./figs/sigmetrics-time-breakdown.p
df> <./figs/sigmetrics-region-breakdown.pdf> <./figs/weekdays-vs-weekends.pdf> 
<./figs/different-numbers-of-parallel-VM-launches.pdf

pdfTeX warning: pdflatex (file ./figs/different-numbers-of-parallel-VM-launches
.pdf): PDF inclusion: multiple pdfs with page group included in a single page
>] [6]
<figs/analytical_prob.pdf, id=154, 403.89131pt x 275.32353pt>
File: figs/analytical_prob.pdf Graphic file (type pdf)
<use figs/analytical_prob.pdf>
Package pdftex.def Info: figs/analytical_prob.pdf  used on input line 616.
(pdftex.def)             Requested size: 155.38206pt x 105.92215pt.
 [7 <./figs/analytical_prob.pdf>]
<figs/transition-all.pdf, id=192, 414.24763pt x 277.29001pt>
File: figs/transition-all.pdf Graphic file (type pdf)
<use figs/transition-all.pdf>
Package pdftex.def Info: figs/transition-all.pdf  used on input line 803.
(pdftex.def)             Requested size: 134.66025pt x 90.13933pt.
<figs/tipping.pdf, id=193, 285.2165pt x 277.24455pt>
File: figs/tipping.pdf Graphic file (type pdf)
<use figs/tipping.pdf>
Package pdftex.def Info: figs/tipping.pdf  used on input line 806.
(pdftex.def)             Requested size: 103.58542pt x 100.68788pt.

Underfull \hbox (badness 1681) in paragraph at lines 806--806
\OT1/ppl/m/n/8.03 (+20) pends on job length and
 []

[8 <./figs/transition-all.pdf> <./figs/tipping.pdf

pdfTeX warning: pdflatex (file ./figs/tipping.pdf): PDF inclusion: multiple pdf
s with page group included in a single page
>]

pdfTeX warning: pdflatex (file ./figs/ArchitectureRevisedV2.pdf): PDF inclusion
: found PDF version <1.6>, but at most version <1.5> allowed
<figs/ArchitectureRevisedV2.pdf, id=230, 318.4698pt x 249.5724pt>
File: figs/ArchitectureRevisedV2.pdf Graphic file (type pdf)
<use figs/ArchitectureRevisedV2.pdf>
Package pdftex.def Info: figs/ArchitectureRevisedV2.pdf  used on input line 883
.
(pdftex.def)             Requested size: 155.38206pt x 121.766pt.
[9 <./figs/ArchitectureRevisedV2.pdf>]
Underfull \hbox (badness 10000) in paragraph at lines 958--960
\OT1/ppl/b/n/9.53561 Nanoconfinement. \OT1/ppl/m/n/9.53561 (+20) The nanocon-fi
ne-ment ap-pli-ca-tion
 []

<figs/Sched-bathtub.pdf, id=237, 359.17513pt x 234.08893pt>
File: figs/Sched-bathtub.pdf Graphic file (type pdf)
<use figs/Sched-bathtub.pdf>
Package pdftex.def Info: figs/Sched-bathtub.pdf  used on input line 990.
(pdftex.def)             Requested size: 155.38206pt x 101.26706pt.
<figs/Sched-fail-prob.pdf, id=238, 359.17513pt x 220.89902pt>
File: figs/Sched-fail-prob.pdf Graphic file (type pdf)
<use figs/Sched-fail-prob.pdf>
Package pdftex.def Info: figs/Sched-fail-prob.pdf  used on input line 996.
(pdftex.def)             Requested size: 155.38206pt x 95.5611pt.
<figs/wrong-model.pdf, id=239, 394.60933pt x 299.84436pt>
File: figs/wrong-model.pdf Graphic file (type pdf)
<use figs/wrong-model.pdf>
Package pdftex.def Info: figs/wrong-model.pdf  used on input line 1002.
(pdftex.def)             Requested size: 155.38206pt x 118.06891pt.
<figs/runtime-bars.pdf, id=240, 516.21294pt x 342.39009pt>
File: figs/runtime-bars.pdf Graphic file (type pdf)
<use figs/runtime-bars.pdf>
Package pdftex.def Info: figs/runtime-bars.pdf  used on input line 1064.
(pdftex.def)             Requested size: 207.17084pt x 137.40813pt.
[10]
Underfull \vbox (badness 1648) has occurred while \output is active []

<figs/cost-vs-exosphere.pdf, id=244, 516.21294pt x 286.38086pt>
File: figs/cost-vs-exosphere.pdf Graphic file (type pdf)
<use figs/cost-vs-exosphere.pdf>
Package pdftex.def Info: figs/cost-vs-exosphere.pdf  used on input line 1096.
(pdftex.def)             Requested size: 207.17084pt x 114.93048pt.
 [11 <./figs/Sched-bathtub.pdf> <./figs/Sched-fail-prob.pdf

pdfTeX warning: pdflatex (file ./figs/Sched-fail-prob.pdf): PDF inclusion: mult
iple pdfs with page group included in a single page
> <./figs/wrong-model.pdf

pdfTeX warning: pdflatex (file ./figs/wrong-model.pdf): PDF inclusion: multiple
 pdfs with page group included in a single page
> <./figs/runtime-bars.pdf

pdfTeX warning: pdflatex (file ./figs/runtime-bars.pdf): PDF inclusion: multipl
e pdfs with page group included in a single page
> <./figs/cost-vs-exosphere.pdf

pdfTeX warning: pdflatex (file ./figs/cost-vs-exosphere.pdf): PDF inclusion: mu
ltiple pdfs with page group included in a single page
>]

pdfTeX warning: pdflatex (file ./figs/hpc-vs-scispot.pdf): PDF inclusion: found
 PDF version <1.6>, but at most version <1.5> allowed
<figs/hpc-vs-scispot.pdf, id=303, 518.22043pt x 286.38086pt>
File: figs/hpc-vs-scispot.pdf Graphic file (type pdf)
<use figs/hpc-vs-scispot.pdf>
Package pdftex.def Info: figs/hpc-vs-scispot.pdf  used on input line 1134.
(pdftex.def)             Requested size: 207.17084pt x 114.48476pt.
[12 <./figs/hpc-vs-scispot.pdf>] (./paper-single.bbl
! Undefined control sequence.
l.4 \url
        {https://github.com/kadupitiya/goog-preemption-data/}.
? 
! Undefined control sequence.
l.8 \newblock \url
                  {https://www.alibabacloud.com/help/doc-detail/52088.htm }.
? 

Underfull \hbox (badness 10000) in paragraph at lines 7--9
[]\OT1/ppl/m/n/8.03 (+20) Alibaba Cloud Pre-emptible In-stances.
 []


Underfull \hbox (badness 10000) in paragraph at lines 7--9
\OT1/ppl/m/n/8.03 (+20) https://www.alibabacloud.com/help/doc-detail/52088.htm
 []

! Undefined control sequence.
l.12   howpublished={\url
                         {https://aws.amazon.com/ec2/spot/ }},.
? 

Underfull \hbox (badness 10000) in paragraph at lines 11--13
[]\OT1/ppl/m/n/8.03 (+20) Amazon EC2 Spot In-stances, how-pub-
 []

! Undefined control sequence.
l.16 \newblock \url
                   {https://cloud.google.com/apis/docs/overview }.
? 

Underfull \hbox (badness 10000) in paragraph at lines 15--17
[]\OT1/ppl/m/n/8.03 (+20) Google Cloud API Doc-u-men-ta-tion.
 []

! Undefined control sequence.
l.20 \newblock \url
                   {https://cloud.google.com/ }.
? 
! Undefined control sequence.
l.24   howpublished={\url
                         {https://cloud.google.com/compute/docs/instances/pr...

? 

Overfull \hbox (24.18736pt too wide) in paragraph at lines 23--25
\OT1/ppl/m/n/8.03 (-20) lished=https://cloud.google.com/compute/docs/instances/
preemptible,. 
 []

! Undefined control sequence.
l.28 \newblock \url
                   {https://support.packet.com/kb/articles/spot-market }.
? 
! Undefined control sequence.
l.33   \url
           {https://docs.scipy.org/doc/scipy/reference/generated/scipy.optim...

? 
! Missing $ inserted.
<inserted text> 
                $
l.33 .../reference/generated/scipy.optimize.curve_
                                                  fit.html}.
? 
! Extra }, or forgotten $.
l.33 ...e/generated/scipy.optimize.curve_fit.html}
                                                  .
? 
! Missing $ inserted.
<inserted text> 
                $
l.34 
     
? 
! Missing } inserted.
<inserted text> 
                }
l.34 
     
? 

Underfull \hbox (badness 10000) in paragraph at lines 31--34
[]\OT1/ppl/m/n/8.03 (+20) Scipy curve fit doc-u-men-ta-tion.
 []


Overfull \hbox (69.62102pt too wide) in paragraph at lines 31--34
\OT1/ppl/m/n/8.03 (-20) https://docs.scipy.org/doc/scipy/reference/generated/sc
ipy.optimize.curve$[]\OML/cmm/m/it/8 it:html:[]$ 
 []

! Undefined control sequence.
l.37 \newblock \url
                   {https://slurm.schedmd.com/documentation.html }.
? 

Overfull \hbox (34.68753pt too wide) in paragraph at lines 36--38
[]\OT1/ppl/m/n/8.03 (-20) Slurm Work-load Man-ager.  https://slurm.schedmd.com/
documentation.html
 []

! Undefined control sequence.
l.41 \newblock \url
                   {http://www.adaptivecomputing.com/products/torque/}.
? 

Overfull \hbox (59.6259pt too wide) in paragraph at lines 40--42
[]\OT1/ppl/m/n/8.03 (-20) Torque Re-source Man-ager.  http://www.adaptivecomput
ing.com/products/torque/. 
 []

! Undefined control sequence.
l.59 \newblock \url
                   {https://docs.microsoft.com/en-us/azure/batch/batch-low-p...

? 
Missing character: There is no â in font pplr7t!
Missing character: There is no € in font pplr7t!
Missing character: There is no “ in font pplr7t!
[13])
<figs/Kadupitiya_JCS.jpg, id=327, 192.72pt x 192.72pt>
File: figs/Kadupitiya_JCS.jpg Graphic file (type jpg)
<use figs/Kadupitiya_JCS.jpg>
Package pdftex.def Info: figs/Kadupitiya_JCS.jpg  used on input line 1226.
(pdftex.def)             Requested size: 72.2698pt x 72.2698pt.
File: figs/Kadupitiya_JCS.jpg Graphic file (type jpg)
<use figs/Kadupitiya_JCS.jpg>
Package pdftex.def Info: figs/Kadupitiya_JCS.jpg  used on input line 1226.
(pdftex.def)             Requested size: 72.2698pt x 72.2698pt.
Missing character: There is no â in font phvr7t!
Missing character: There is no € in font phvr7t!
Missing character: There is no ™ in font phvr7t!
<figs/jadhao-vikram-2016-08.jpg, id=330, 231.86626pt x 231.86626pt>
File: figs/jadhao-vikram-2016-08.jpg Graphic file (type jpg)
<use figs/jadhao-vikram-2016-08.jpg>
Package pdftex.def Info: figs/jadhao-vikram-2016-08.jpg  used on input line 123
1.
(pdftex.def)             Requested size: 72.27051pt x 72.27051pt.
File: figs/jadhao-vikram-2016-08.jpg Graphic file (type jpg)
<use figs/jadhao-vikram-2016-08.jpg>
Package pdftex.def Info: figs/jadhao-vikram-2016-08.jpg  used on input line 123
1.
(pdftex.def)             Requested size: 72.27051pt x 72.27051pt.
<figs/prateeks.jpg, id=333, 309.155pt x 309.155pt>
File: figs/prateeks.jpg Graphic file (type jpg)
<use figs/prateeks.jpg>
Package pdftex.def Info: figs/prateeks.jpg  used on input line 1236.
(pdftex.def)             Requested size: 72.26932pt x 72.26932pt.
File: figs/prateeks.jpg Graphic file (type jpg)
<use figs/prateeks.jpg>
Package pdftex.def Info: figs/prateeks.jpg  used on input line 1236.
(pdftex.def)             Requested size: 72.26932pt x 72.26932pt.
 [14 <./figs/Kadupitiya_JCS.jpg> <./figs/jadhao-vikram-2016-08.jpg> <./figs/pra
teeks.jpg>] (./paper-single.aux) ) 
Here is how much of TeX's memory you used:
 10978 strings out of 494805
 187502 string characters out of 6178001
 278565 words of memory out of 5000000
 13729 multiletter control sequences out of 15000+600000
 71478 words of font info for 378 fonts, out of 8000000 for 9000
 81 hyphenation exceptions out of 8191
 44i,10n,50p,862b,440s stack positions out of 5000i,500n,10000p,200000b,80000s
{/usr/share/texlive/texmf-dist/fonts/enc/dvip
s/base/8r.enc}</usr/share/texlive/texmf-dist/fonts/type1/public/amsfonts/cm/cme
x10.pfb></usr/share/texlive/texmf-dist/fonts/type1/public/amsfonts/cm/cmmi10.pf
b></usr/share/texlive/texmf-dist/fonts/type1/public/amsfonts/cm/cmmi5.pfb></usr
/share/texlive/texmf-dist/fonts/type1/public/amsfonts/cm/cmmi6.pfb></usr/share/
texlive/texmf-dist/fonts/type1/public/amsfonts/cm/cmmi7.pfb></usr/share/texlive
/texmf-dist/fonts/type1/public/amsfonts/cm/cmmi8.pfb></usr/share/texlive/texmf-
dist/fonts/type1/public/amsfonts/cm/cmr10.pfb></usr/share/texlive/texmf-dist/fo
nts/type1/public/amsfonts/cm/cmr5.pfb></usr/share/texlive/texmf-dist/fonts/type
1/public/amsfonts/cm/cmr7.pfb></usr/share/texlive/texmf-dist/fonts/type1/public
/amsfonts/cm/cmr8.pfb></usr/share/texlive/texmf-dist/fonts/type1/public/amsfont
s/cm/cmsy10.pfb></usr/share/texlive/texmf-dist/fonts/type1/public/amsfonts/cm/c
msy5.pfb></usr/share/texlive/texmf-dist/fonts/type1/public/amsfonts/cm/cmsy7.pf
b></usr/share/texlive/texmf-dist/fonts/type1/public/amsfonts/cm/cmsy8.pfb></usr
/share/texlive/texmf-dist/fonts/type1/public/amsfonts/symbols/msam10.pfb></usr/
share/texlive/texmf-dist/fonts/type1/public/rsfs/rsfs10.pfb></usr/share/texlive
/texmf-dist/fonts/type1/urw/courier/ucrr8a.pfb></usr/share/texlive/texmf-dist/f
onts/type1/urw/helvetic/uhvb8a.pfb></usr/share/texlive/texmf-dist/fonts/type1/u
rw/helvetic/uhvr8a.pfb></usr/share/texlive/texmf-dist/fonts/type1/urw/helvetic/
uhvro8a.pfb></usr/share/texlive/texmf-dist/fonts/type1/urw/palatino/uplb8a.pfb>
</usr/share/texlive/texmf-dist/fonts/type1/urw/palatino/uplr8a.pfb></usr/share/
texlive/texmf-dist/fonts/type1/urw/palatino/uplri8a.pfb></usr/share/texlive/tex
mf-dist/fonts/type1/urw/zapfding/uzdr.pfb>
Output written on paper-single.pdf (14 pages, 4739008 bytes).
PDF statistics:
 419 PDF objects out of 1000 (max. 8388607)
 211 compressed objects within 3 object streams
 0 named destinations out of 1000 (max. 500000)
 38020 words of extra memory for PDF output out of 42996 (max. 10000000)

