2.606250000000000233e-02 0.000000000000000000e+00
6.134027777777777135e-02 7.142857142857142634e-03
6.480388888888889698e-02 1.428571428571428527e-02
1.114494444444444482e-01 2.142857142857142877e-02
1.449888888888888894e-01 2.857142857142857054e-02
1.816016666666666612e-01 3.571428571428571230e-02
2.284822222222221977e-01 4.285714285714285754e-02
2.372308333333333075e-01 4.999999999999999584e-02
2.488405555555555648e-01 5.714285714285714107e-02
3.191111111111111232e-01 6.428571428571427937e-02
3.342566666666667019e-01 7.142857142857142461e-02
3.460447222222222119e-01 7.857142857142856984e-02
5.003177777777777502e-01 8.571428571428571508e-02
5.068905555555556219e-01 9.285714285714286031e-02
5.352188888888889107e-01 9.999999999999999167e-02
6.565227777777777884e-01 1.071428571428571369e-01
6.644550000000000178e-01 1.142857142857142821e-01
9.502019444444443907e-01 1.214285714285714274e-01
1.122384444444444407e+00 1.285714285714285587e-01
1.152913055555555566e+00 1.357142857142857040e-01
1.201149444444444381e+00 1.428571428571428492e-01
1.291305833333333375e+00 1.499999999999999944e-01
1.336337222222222287e+00 1.571428571428571397e-01
1.510195277777777845e+00 1.642857142857142849e-01
1.603718888888888916e+00 1.714285714285714302e-01
1.640866666666666696e+00 1.785714285714285754e-01
1.778243888888888957e+00 1.857142857142857206e-01
1.785006944444444299e+00 1.928571428571428381e-01
1.823178888888888904e+00 1.999999999999999833e-01
2.367709722222222091e+00 2.071428571428571286e-01
2.427621944444444679e+00 2.142857142857142738e-01
2.609483333333333377e+00 2.214285714285714191e-01
2.739896666666666647e+00 2.285714285714285643e-01
2.797000277777777377e+00 2.357142857142857095e-01
2.831627500000000186e+00 2.428571428571428548e-01
3.115491666666666770e+00 2.500000000000000000e-01
3.441215833333333585e+00 2.571428571428571175e-01
3.804773611111111009e+00 2.642857142857142905e-01
3.981980277777778188e+00 2.714285714285714080e-01
4.047607777777778360e+00 2.785714285714285809e-01
4.104794166666666300e+00 2.857142857142856984e-01
4.376401944444444858e+00 2.928571428571428714e-01
6.195428333333333981e+00 2.999999999999999889e-01
7.436001111111110617e+00 3.071428571428571064e-01
8.063095000000000567e+00 3.142857142857142794e-01
8.406832222222222484e+00 3.214285714285713969e-01
8.827116666666666944e+00 3.285714285714285698e-01
8.833543611111110749e+00 3.357142857142856873e-01
9.088001666666666978e+00 3.428571428571428603e-01
1.024200388888888824e+01 3.499999999999999778e-01
1.024634805555555594e+01 3.571428571428571508e-01
1.080266305555555562e+01 3.642857142857142683e-01
1.299917944444444551e+01 3.714285714285714413e-01
1.363978750000000062e+01 3.785714285714285587e-01
1.647140222222222405e+01 3.857142857142856762e-01
2.132407972222222270e+01 3.928571428571428492e-01
2.174423611111111043e+01 3.999999999999999667e-01
2.210784722222222243e+01 4.071428571428571397e-01
2.401101361111111387e+01 4.142857142857142572e-01
2.401686111111111188e+01 4.214285714285714302e-01
2.401728472222222521e+01 4.285714285714285476e-01
2.401877888888889245e+01 4.357142857142857206e-01
2.402060805555555589e+01 4.428571428571428381e-01
2.402222611111110950e+01 4.500000000000000111e-01
2.402448527777777798e+01 4.571428571428571286e-01
2.403058083333333173e+01 4.642857142857142461e-01
2.403129694444444198e+01 4.714285714285714191e-01
2.403672555555555590e+01 4.785714285714285365e-01
2.407942277777777917e+01 4.857142857142857095e-01
2.408067083333333258e+01 4.928571428571428270e-01
2.408116527777777804e+01 5.000000000000000000e-01
2.408771666666666533e+01 5.071428571428571175e-01
2.408834027777777465e+01 5.142857142857142350e-01
2.408876444444444331e+01 5.214285714285714635e-01
2.409078722222222169e+01 5.285714285714285809e-01
2.409125194444444418e+01 5.357142857142856984e-01
2.409620166666666563e+01 5.428571428571428159e-01
2.410034861111111226e+01 5.499999999999999334e-01
2.410361694444444325e+01 5.571428571428571619e-01
2.410445277777777662e+01 5.642857142857142794e-01
2.410459305555555787e+01 5.714285714285713969e-01
2.410609861111111130e+01 5.785714285714285143e-01
2.410950166666666661e+01 5.857142857142857428e-01
2.411101277777777696e+01 5.928571428571428603e-01
2.411574083333333363e+01 5.999999999999999778e-01
2.411611027777777849e+01 6.071428571428570953e-01
2.411913388888888932e+01 6.142857142857142128e-01
2.411990416666666803e+01 6.214285714285714413e-01
2.412046944444444563e+01 6.285714285714285587e-01
2.412129305555555447e+01 6.357142857142856762e-01
2.412185361111110993e+01 6.428571428571427937e-01
2.412808444444444689e+01 6.500000000000000222e-01
2.413004972222222477e+01 6.571428571428571397e-01
2.418591611111110851e+01 6.642857142857142572e-01
2.420612111111110920e+01 6.714285714285713746e-01
2.420999527777777516e+01 6.785714285714286031e-01
2.421473861111110892e+01 6.857142857142857206e-01
2.422076194444444397e+01 6.928571428571428381e-01
2.423206444444444330e+01 6.999999999999999556e-01
2.423824749999999995e+01 7.071428571428570731e-01
2.423881944444444514e+01 7.142857142857143016e-01
2.424155805555555432e+01 7.214285714285714191e-01
2.424876555555555413e+01 7.285714285714285365e-01
2.430577861111111204e+01 7.357142857142856540e-01
2.431230833333333408e+01 7.428571428571428825e-01
2.431254611111111075e+01 7.500000000000000000e-01
2.431679111111111169e+01 7.571428571428571175e-01
2.440035583333333236e+01 7.642857142857142350e-01
2.440241444444444241e+01 7.714285714285713524e-01
2.440457083333333443e+01 7.785714285714285809e-01
2.443457388888888815e+01 7.857142857142856984e-01
2.443625444444444383e+01 7.928571428571428159e-01
2.452930694444444626e+01 7.999999999999999334e-01
2.453258916666666423e+01 8.071428571428571619e-01
2.453300277777777794e+01 8.142857142857142794e-01
2.456228944444444551e+01 8.214285714285713969e-01
2.456340333333332993e+01 8.285714285714285143e-01
2.456616416666666680e+01 8.357142857142857428e-01
2.456917111111111041e+01 8.428571428571428603e-01
2.457137166666666417e+01 8.499999999999999778e-01
2.457288722222222077e+01 8.571428571428570953e-01
2.457415388888888685e+01 8.642857142857142128e-01
2.459012055555555420e+01 8.714285714285714413e-01
2.459217333333333144e+01 8.785714285714285587e-01
2.468866749999999755e+01 8.857142857142856762e-01
2.469390833333333646e+01 8.928571428571427937e-01
2.470246194444444399e+01 9.000000000000000222e-01
2.470821027777777701e+01 9.071428571428571397e-01
2.470971972222222135e+01 9.142857142857142572e-01
2.479206138888888944e+01 9.214285714285713746e-01
2.479304944444444558e+01 9.285714285714284921e-01
2.479949138888888882e+01 9.357142857142857206e-01
2.480127861111111187e+01 9.428571428571428381e-01
2.480243722222222402e+01 9.499999999999999556e-01
2.480430916666666974e+01 9.571428571428570731e-01
2.481145194444444257e+01 9.642857142857143016e-01
2.481361000000000061e+01 9.714285714285714191e-01
2.481392805555555725e+01 9.785714285714285365e-01
2.482535500000000184e+01 9.857142857142856540e-01
2.483083111111110952e+01 9.928571428571427715e-01
2.483284305555555704e+01 1.000000000000000000e+00
